{"url": "https://www.ics.uci.edu/~minhaenl/class/2015/cs_171_fall/draft/compile_error_log.txt", "content": "################\n/home/minhaenl/cs_171/draft/Files/achaithi_Chaithirasakyl_75785003_WEOP/Project1\n################\n/home/minhaenl/cs_171/draft/Files/acmar_Mar_15753292_ArmyOfSlams/Mar_15753292_ArmyOfSlams/src\n################\n/home/minhaenl/cs_171/draft/Files/albertml_Lau_74385912_Milk/src\n################\n/home/minhaenl/cs_171/draft/Files/allisojr_Ramirez_allisojr_TeamK/src\n################\n/home/minhaenl/cs_171/draft/Files/andresg6_Gonzalez_28662951_RadiantFork/Gonzalez_28662951_RadiantFork/src\nAIShell.h:34: error: ISO C++ forbids initialization of member \u2018treeRoot\u2019\nAIShell.h:34: error: making \u2018treeRoot\u2019 static\nAIShell.h:34: error: invalid in-class initialization of static data member of non-integral type \u2018idNode*\u2019\nIn file included from AIShell.cpp:1:\nAIShell.h:34: error: ISO C++ forbids initialization of member \u2018treeRoot\u2019\nAIShell.h:34: error: making \u2018treeRoot\u2019 static\nAIShell.h:34: error: invalid in-class initialization of static data member of non-integral type \u2018idNode*\u2019\nAIShell.cpp: In destructor \u2018AIShell::~AIShell()\u2019:\nAIShell.cpp:46: error: \u2018treeRoot\u2019 was not declared in this scope\nAIShell.cpp:46: error: \u2018nullptr\u2019 was not declared in this scope\nAIShell.cpp:48: error: type \u2018<type error>\u2019 argument given to \u2018delete\u2019, expected pointer\nAIShell.cpp: In member function \u2018Move AIShell::makeMove()\u2019:\nAIShell.cpp:67: error: \u2018treeRoot\u2019 was not declared in this scope\nAIShell.cpp: In member function \u2018void AIShell::generateNodeTree()\u2019:\nAIShell.cpp:333: error: \u2018treeRoot\u2019 was not declared in this scope\nAIShell.cpp:333: error: \u2018nullptr\u2019 was not declared in this scope\nAIShell.cpp: In member function \u2018idNode* AIShell::generateNode(idNode*, int**, int, bool, Move)\u2019:\nAIShell.cpp:352: error: expected primary-expression before \u2018[\u2019 token\nAIShell.cpp:352: error: expected primary-expression before \u2018*\u2019 token\nAIShell.cpp:352: error: \u2018c\u2019 was not declared in this scope\nAIShell.cpp:358: error: expected primary-expression before \u2018[\u2019 token\nAIShell.cpp:358: error: expected primary-expression before \u2018*\u2019 token\nAIShell.cpp:358: error: \u2018c\u2019 was not declared in this scope\nIn file included from ConnectK.cpp:5:\nAIShell.h:34: error: ISO C++ forbids initialization of member \u2018treeRoot\u2019\nAIShell.h:34: error: making \u2018treeRoot\u2019 static\nAIShell.h:34: error: invalid in-class initialization of static data member of non-integral type \u2018idNode*\u2019\n################\n/home/minhaenl/cs_171/draft/Files/aschau_Chau_aschau_LostMarbles/LostMarbles/src\nAIShell.h:5:18: error: Move.h: No such file or directory\nAIShell.h:25: error: \u2018Move\u2019 does not name a type\nAIShell.h:26: error: \u2018>>\u2019 should be \u2018> >\u2019 within a nested template argument list\nAIShell.h:27: error: \u2018std::string\u2019 has not been declared\nAIShell.h:30: error: \u2018>>\u2019 should be \u2018> >\u2019 within a nested template argument list\nAIShell.h:31: error: \u2018>>\u2019 should be \u2018> >\u2019 within a nested template argument list\nAIShell.h:38: error: \u2018Move\u2019 has not been declared\nAIShell.h:40: error: \u2018Move\u2019 does not name a type\nIn file included from AIShell.cpp:1:\nAIShell.h:5:18: error: Move.h: No such file or directory\nIn file included from AIShell.cpp:1:\nAIShell.h:25: error: \u2018Move\u2019 does not name a type\nIn file included from AIShell.cpp:1:\nAIShell.h:26: error: \u2018>>\u2019 should be \u2018> >\u2019 within a nested template argument list\nAIShell.h:27: error: \u2018std::string\u2019 has not been declared\nAIShell.h:30: error: \u2018>>\u2019 should be \u2018> >\u2019 within a nested template argument list\nAIShell.h:31: error: \u2018>>\u2019 should be \u2018> >\u2019 within a nested template argument list\nAIShell.h:38: error: \u2018Move\u2019 has not been declared\nAIShell.h:40: error: \u2018Move\u2019 does not name a type\nAIShell.cpp:5: error: \u2018Move\u2019 has not been declared\nAIShell.cpp: In constructor \u2018AIShell::AIShell(int, int, bool, int**, int)\u2019:\nAIShell.cpp:12: error: \u2018class AIShell\u2019 has no member named \u2018lastMove\u2019\nAIShell.cpp: At global scope:\nAIShell.cpp:27: error: \u2018Move\u2019 does not name a type\nAIShell.cpp:78: error: \u2018>>\u2019 should be \u2018> >\u2019 within a nested template argument list\nAIShell.cpp: In member function \u2018std::vector<std::pair<int, int>, std::allocator<std::pair<int, int> > > AIShell::validmoves(int**)\u2019:\nAIShell.cpp:80: error: \u2018>>\u2019 should be \u2018> >\u2019 within a nested template argument list\nAIShell.cpp: At global scope:\nAIShell.cpp:117: error: prototype for \u2018std::pair<int, int> AIShell::search(int**, int, std::string)\u2019 does not match any in class \u2018AIShell\u2019\nAIShell.h:27: error: candidate is: std::pair<int, int> AIShell::search(int**, int, int)\nAIShell.cpp:364: error: \u2018>>\u2019 should be \u2018> >\u2019 within a nested template argument list\nAIShell.cpp:385: error: \u2018>>\u2019 should be \u2018> >\u2019 within a nested template argument list\n################\n/home/minhaenl/cs_171/draft/Files/binhtp_Phan_21954036_Mimi/src\nAIShell.cpp: In member function \u2018int** AIShell::generateMoves(int&, int**, int)\u2019:\nAIShell.cpp:58: error: \u2018rand\u2019 was not declared in this scope\n################\n/home/minhaenl/cs_171/draft/Files/bscheng_Brandon_Cheng_67024319_GnomeChild/Brandon_Cheng_67024319_GnomeChild/src\n################\n/home/minhaenl/cs_171/draft/Files/btullyha_Tully-Hanson_78948862_LionsAmongstTheSheep/Tully-Hanson_78948862_LionsAmongstTheSheep/src\n################\n/home/minhaenl/cs_171/draft/Files/bwthomas_thomas_bwthomas_Red_Team/thomas_bwthomas_Red_Team\nAIShell.cpp: In member function \u2018Move AIShell::makeMove()\u2019:\nAIShell.cpp:57: error: no match for \u2018operator==\u2019 in \u2018((AIShell*)this)->AIShell::lastMove == Move(-0x00000000000000001, -0x00000000000000001)\u2019\nAIShell.cpp:59: error: \u2018rows\u2019 was not declared in this scope\nAIShell.cpp:64: error: \u2018rows\u2019 was not declared in this scope\nAIShell.cpp:71: error: \u2018cols\u2019 was not declared in this scope\nAIShell.cpp:73: error: expected primary-expression before \u2018==\u2019 token\nAIShell.cpp:74: error: expected \u2018;\u2019 before \u2018value\u2019\nAIShell.cpp:75: error: expected primary-expression before \u2018==\u2019 token\nAIShell.cpp:76: error: expected \u2018;\u2019 before \u2018value\u2019\nAIShell.cpp:79: error: expected primary-expression before \u2018==\u2019 token\nAIShell.cpp:80: error: expected \u2018;\u2019 before \u2018value\u2019\nAIShell.cpp:100: error: expected primary-expression before \u2018==\u2019 token\nAIShell.cpp:101: error: expected \u2018;\u2019 before \u2018value\u2019\nAIShell.cpp:102: error: expected primary-expression before \u2018==\u2019 token\nAIShell.cpp:103: error: expected \u2018;\u2019 before \u2018value\u2019\nAIShell.cpp:104: error: expected primary-expression before \u2018==\u2019 token\nAIShell.cpp:105: error: expected \u2018;\u2019 before \u2018value\u2019\nAIShell.cpp:106: error: expected primary-expression before \u2018==\u2019 token\nAIShell.cpp:107: error: expected \u2018;\u2019 before \u2018value\u2019\nAIShell.cpp:125: error: \u2018cols\u2019 was not declared in this scope\nAIShell.cpp:127: error: expected primary-expression before \u2018==\u2019 token\nAIShell.cpp:128: error: expected \u2018;\u2019 before \u2018value\u2019\nAIShell.cpp:129: error: expected primary-expression before \u2018==\u2019 token\nAIShell.cpp:130: error: expected \u2018;\u2019 before \u2018value\u2019\nAIShell.cpp:131: error: expected primary-expression before \u2018==\u2019 token\nAIShell.cpp:132: error: expected \u2018;\u2019 before \u2018value\u2019\nAIShell.cpp:133: error: expected primary-expression before \u2018==\u2019 token\nAIShell.cpp:134: error: expected \u2018;\u2019 before \u2018value\u2019\nAIShell.cpp:135: error: expected primary-expression before \u2018==\u2019 token\nAIShell.cpp:136: error: expected \u2018;\u2019 before \u2018value\u2019\nAIShell.cpp:137: error: expected primary-expression before \u2018]\u2019 token\nAIShell.cpp:137: error: expected primary-expression before \u2018==\u2019 token\nAIShell.cpp:138: error: expected \u2018;\u2019 before \u2018value\u2019\nAIShell.cpp:139: error: expected primary-expression before \u2018==\u2019 token\nAIShell.cpp:140: error: expected \u2018;\u2019 before \u2018value\u2019\nAIShell.cpp:141: error: expected primary-expression before \u2018==\u2019 token\nAIShell.cpp:142: error: expected \u2018;\u2019 before \u2018value\u2019\nAIShell.cpp:180: error: no match for \u2018operator==\u2019 in \u2018((AIShell*)this)->AIShell::lastMove == Move(-0x00000000000000001, -0x00000000000000001)\u2019\nAIShell.cpp:182: error: \u2018rows\u2019 was not declared in this scope\nAIShell.cpp:187: error: \u2018rows\u2019 was not declared in this scope\nAIShell.cpp:189: error: \u2018cols\u2019 was not declared in this scope\nAIShell.cpp:196: error: expected primary-expression before \u2018==\u2019 token\nAIShell.cpp:197: error: expected \u2018;\u2019 before \u2018value\u2019\nAIShell.cpp:198: error: expected primary-expression before \u2018==\u2019 token\nAIShell.cpp:199: error: expected \u2018;\u2019 before \u2018value\u2019\nAIShell.cpp:202: error: expected primary-expression before \u2018==\u2019 token\nAIShell.cpp:203: error: expected \u2018;\u2019 before \u2018value\u2019\nAIShell.cpp:223: error: expected primary-expression before \u2018==\u2019 token\nAIShell.cpp:224: error: expected \u2018;\u2019 before \u2018value\u2019\nAIShell.cpp:225: error: expected primary-expression before \u2018==\u2019 token\nAIShell.cpp:226: error: expected \u2018;\u2019 before \u2018value\u2019\nAIShell.cpp:227: error: expected primary-expression before \u2018==\u2019 token\nAIShell.cpp:228: error: expected \u2018;\u2019 before \u2018value\u2019\nAIShell.cpp:229: error: expected primary-expression before \u2018==\u2019 token\nAIShell.cpp:230: error: expected \u2018;\u2019 before \u2018value\u2019\nAIShell.cpp:250: error: expected primary-expression before \u2018==\u2019 token\nAIShell.cpp:251: error: expected \u2018;\u2019 before \u2018value\u2019\nAIShell.cpp:252: error: expected primary-expression before \u2018==\u2019 token\nAIShell.cpp:253: error: expected \u2018;\u2019 before \u2018value\u2019\nAIShell.cpp:254: error: expected primary-expression before \u2018==\u2019 token\nAIShell.cpp:255: error: expected \u2018;\u2019 before \u2018value\u2019\nAIShell.cpp:256: error: expected primary-expression before \u2018==\u2019 token\nAIShell.cpp:257: error: expected \u2018;\u2019 before \u2018value\u2019\nAIShell.cpp:258: error: expected primary-expression before \u2018==\u2019 token\nAIShell.cpp:259: error: expected \u2018;\u2019 before \u2018value\u2019\nAIShell.cpp:260: error: expected primary-expression before \u2018]\u2019 token\nAIShell.cpp:260: error: expected primary-expression before \u2018==\u2019 token\nAIShell.cpp:261: error: expected \u2018;\u2019 before \u2018value\u2019\nAIShell.cpp:262: error: expected primary-expression before \u2018==\u2019 token\nAIShell.cpp:263: error: expected \u2018;\u2019 before \u2018value\u2019\nAIShell.cpp:264: error: expected primary-expression before \u2018==\u2019 token\nAIShell.cpp:265: error: expected \u2018;\u2019 before \u2018value\u2019\n################\n/home/minhaenl/cs_171/draft/Files/carlislk_carlisle_carlislk_blueTeam/src\n################\n/home/minhaenl/cs_171/draft/Files/clpachec_Pacheco_clpachec_Wubalubadubdub/Pacheco_clpachec_Wubalubadubdub/src\n################\n/home/minhaenl/cs_171/draft/Files/cpjung_jung_80502204_randomgroupname/jung_80502204_randomgroupname/src\nAIShell.h:56: error: ISO C++ forbids initialization of member \u2018MAX\u2019\nAIShell.h:56: error: making \u2018MAX\u2019 static\nAIShell.h:57: error: ISO C++ forbids initialization of member \u2018MIN\u2019\nAIShell.h:57: error: making \u2018MIN\u2019 static\nIn file included from AIShell.cpp:1:\nAIShell.h:56: error: ISO C++ forbids initialization of member \u2018MAX\u2019\nAIShell.h:56: error: making \u2018MAX\u2019 static\nAIShell.h:57: error: ISO C++ forbids initialization of member \u2018MIN\u2019\nAIShell.h:57: error: making \u2018MIN\u2019 static\nAIShell.cpp: In member function \u2018int AIShell::minimax(Node*, int)\u2019:\nAIShell.cpp:108: error: expected initializer before \u2018:\u2019 token\nAIShell.cpp:113: error: expected primary-expression before \u2018return\u2019\nAIShell.cpp:113: error: expected \u2018)\u2019 before \u2018return\u2019\nAIShell.cpp:117: error: expected initializer before \u2018:\u2019 token\nAIShell.cpp:122: error: expected primary-expression before \u2018return\u2019\nAIShell.cpp:122: error: expected \u2018)\u2019 before \u2018return\u2019\nIn file included from ConnectK.cpp:5:\nAIShell.h:56: error: ISO C++ forbids initialization of member \u2018MAX\u2019\nAIShell.h:56: error: making \u2018MAX\u2019 static\nAIShell.h:57: error: ISO C++ forbids initialization of member \u2018MIN\u2019\nAIShell.h:57: error: making \u2018MIN\u2019 static\n################\n/home/minhaenl/cs_171/draft/Files/darpanp_Patel_35198867_BRDP/BRDP/src\nIn file included from /usr/lib/gcc/x86_64-redhat-linux/4.4.7/../../../../include/c++/4.4.7/random:35,\n                 from AIShell.cpp:4:\n/usr/lib/gcc/x86_64-redhat-linux/4.4.7/../../../../include/c++/4.4.7/c++0x_warning.h:31:2: error: #error This file requires compiler and library support for the upcoming ISO C++ standard, C++0x. This support is currently experimental, and must be enabled with the -std=c++0x or -std=gnu++0x compiler options.\n################\n/home/minhaenl/cs_171/draft/Files/djungman_jungman_22962656_CoolCatAI/src\n################\n/home/minhaenl/cs_171/draft/Files/djungman_jungman_22962656_DavidsAI/src\n################\n/home/minhaenl/cs_171/draft/Files/eaho1_ho_eaho1_SHUTUPandDANCEwithme/ho_eaho1_SHUTUPandDANCEwithme/src\n################\n/home/minhaenl/cs_171/draft/Files/fangz5_Zhang_15009881_Magi/Zhang_15009881_Magi/src\nAIShell.cpp: In constructor \u2018GameState::GameState(int, int, int, bool, bool, Move, int**)\u2019:\nAIShell.cpp:232: error: \u2018memcpy\u2019 was not declared in this scope\nAIShell.cpp: In constructor \u2018GameState::GameState(GameState*, Move)\u2019:\nAIShell.cpp:417: error: \u2018memcpy\u2019 was not declared in this scope\nAIShell.cpp: In member function \u2018int Node::getUtilityK(int*)\u2019:\nAIShell.cpp:650: error: \u2018pow\u2019 was not declared in this scope\nAIShell.cpp:654: error: \u2018pow\u2019 was not declared in this scope\n################\n/home/minhaenl/cs_171/draft/Files/gcdiaz_Diaz_24812280_FightingMongooses/AI Draft/src\n################\n/home/minhaenl/cs_171/draft/Files/haominl1_Li_haominl1_IntelligenceCubed/src\n################\n/home/minhaenl/cs_171/draft/Files/hhsin_hsin_49399981_WIP/src\nIn file included from /usr/lib/gcc/x86_64-redhat-linux/4.4.7/../../../../include/c++/4.4.7/chrono:35,\n                 from AIShell.h:4:\n/usr/lib/gcc/x86_64-redhat-linux/4.4.7/../../../../include/c++/4.4.7/c++0x_warning.h:31:2: error: #error This file requires compiler and library support for the upcoming ISO C++ standard, C++0x. This support is currently experimental, and must be enabled with the -std=c++0x or -std=gnu++0x compiler options.\nAIShell.h:7:18: error: atomic: No such file or directory\nIn file included from GameBoard.hpp:15,\n                 from AIShell.h:9:\nGameNode.hpp:26: error: \u2018int16_t\u2019 does not name a type\nGameNode.hpp: In constructor \u2018GameNode::GameNode()\u2019:\nGameNode.hpp:16: error: \u2018nullptr\u2019 was not declared in this scope\nIn file included from AIShell.h:9:\nGameBoard.hpp: In function \u2018std::ostream& operator<<(std::ostream&, const Cell&)\u2019:\nGameBoard.hpp:44: error: \u2018cellType\u2019 is not a class or namespace\nGameBoard.hpp:46: error: \u2018cellType\u2019 is not a class or namespace\nGameBoard.hpp: At global scope:\nGameBoard.hpp:96: error: ISO C++ forbids declaration of \u2018array\u2019 with no type\nGameBoard.hpp:96: error: invalid use of \u2018::\u2019\nGameBoard.hpp:96: error: expected \u2018;\u2019 before \u2018<\u2019 token\nGameBoard.hpp:101: error: expected \u2018;\u2019 before \u2018private\u2019\nGameBoard.hpp:102: error: ISO C++ forbids declaration of \u2018array\u2019 with no type\nGameBoard.hpp:102: error: invalid use of \u2018::\u2019\nGameBoard.hpp:102: error: expected \u2018;\u2019 before \u2018<\u2019 token\nGameBoard.hpp: In member function \u2018GameBoard GameBoard::operator=(GameBoard&)\u2019:\nGameBoard.hpp:60: error: \u2018_board\u2019 was not declared in this scope\nGameBoard.hpp:60: error: \u2018class GameBoard\u2019 has no member named \u2018_board\u2019\nGameBoard.hpp: In member function \u2018void GameBoard::setBoard(int, int)\u2019:\nGameBoard.hpp:69: error: \u2018_board\u2019 was not declared in this scope\nGameBoard.hpp:69: error: \u2018cellType\u2019 is not a class or namespace\nGameBoard.hpp: In member function \u2018bool GameBoard::addMove(Move, cellType)\u2019:\nGameBoard.hpp:75: error: \u2018_board\u2019 was not declared in this scope\nGameBoard.hpp:77: error: \u2018_board\u2019 was not declared in this scope\nGameBoard.hpp: In member function \u2018bool GameBoard::addMove(int, int, cellType)\u2019:\nGameBoard.hpp:82: error: \u2018_board\u2019 was not declared in this scope\nGameBoard.hpp:84: error: \u2018_board\u2019 was not declared in this scope\nGameBoard.hpp: In member function \u2018bool GameBoard::removeMove(Move)\u2019:\nGameBoard.hpp:91: error: \u2018_board\u2019 was not declared in this scope\nGameBoard.hpp:91: error: \u2018cellType\u2019 is not a class or namespace\nGameBoard.hpp:93: error: \u2018_board\u2019 was not declared in this scope\nGameBoard.hpp:93: error: \u2018cellType\u2019 is not a class or namespace\nAIShell.h: At global scope:\nAIShell.h:258: error: ISO C++ forbids declaration of \u2018thread\u2019 with no type\nAIShell.h:258: error: invalid use of \u2018::\u2019\nAIShell.h:258: error: expected \u2018;\u2019 before \u2018*\u2019 token\nAIShell.h:265: error: ISO C++ forbids declaration of \u2018atomic\u2019 with no type\nAIShell.h:265: error: invalid use of \u2018::\u2019\nAIShell.h:265: error: expected \u2018;\u2019 before \u2018<\u2019 token\nAIShell.h:266: error: ISO C++ forbids declaration of \u2018atomic\u2019 with no type\nAIShell.h:266: error: invalid use of \u2018::\u2019\nAIShell.h:266: error: expected \u2018;\u2019 before \u2018<\u2019 token\nAIShell.h: In constructor \u2018AIShell::AIShell()\u2019:\nAIShell.h:28: error: \u2018_builder\u2019 was not declared in this scope\nAIShell.h:28: error: \u2018nullptr\u2019 was not declared in this scope\nAIShell.h: In constructor \u2018AIShell::AIShell(const char*)\u2019:\nAIShell.h:33: error: \u2018_builder\u2019 was not declared in this scope\nAIShell.h:33: error: \u2018nullptr\u2019 was not declared in this scope\nAIShell.h: In destructor \u2018AIShell::~AIShell()\u2019:\nAIShell.h:37: error: \u2018_builder\u2019 was not declared in this scope\nAIShell.h:38: error: type \u2018<type error>\u2019 argument given to \u2018delete\u2019, expected pointer\nAIShell.h: In member function \u2018void AIShell::setBoard(bool, int, int, int, Move)\u2019:\nAIShell.h:46: error: \u2018_move_count\u2019 was not declared in this scope\nAIShell.h:47: error: \u2018_run\u2019 was not declared in this scope\nAIShell.h:52: error: \u2018cellType\u2019 is not a class or namespace\nAIShell.h: In member function \u2018void AIShell::enemyMove(Move)\u2019:\nAIShell.h:64: error: \u2018_move_count\u2019 was not declared in this scope\nAIShell.h:65: error: \u2018cellType\u2019 is not a class or namespace\nAIShell.h: In member function \u2018Move AIShell::makeMove(int)\u2019:\nAIShell.h:81: error: \u2018_move_count\u2019 was not declared in this scope\nAIShell.h:83: error: \u2018cellType\u2019 is not a class or namespace\nAIShell.h: In member function \u2018virtual void AIShell::_logic(int)\u2019:\nAIShell.h:103: error: no match for \u2018operator[]\u2019 in \u2018((AIShell*)this)->AIShell::_game[col]\u2019\nAIShell.h:103: error: \u2018cellType\u2019 is not a class or namespace\nAIShell.h:110: error: \u2018std::this_thread\u2019 has not been declared\nAIShell.h:110: error: \u2018std::chrono\u2019 has not been declared\nAIShell.h: In member function \u2018void AIShell::_buildGameTree()\u2019:\nAIShell.h:122: error: \u2018_run\u2019 was not declared in this scope\nAIShell.h:128: error: \u2018_move_count\u2019 was not declared in this scope\nAIShell.h:130: error: \u2018cellType\u2019 is not a class or namespace\nAIShell.h:135: error: \u2018cellType\u2019 is not a class or namespace\nAIShell.h: In member function \u2018int AIShell::goalTest(const GameBoard&)\u2019:\nAIShell.h:155: error: no match for \u2018operator[]\u2019 in \u2018board[i]\u2019\nAIShell.h:155: error: \u2018cellType\u2019 is not a class or namespace\nAIShell.h:161: error: no match for \u2018operator[]\u2019 in \u2018board[i]\u2019\nAIShell.h:161: error: \u2018cellType\u2019 is not a class or namespace\nAIShell.h:167: error: no match for \u2018operator[]\u2019 in \u2018board[i]\u2019\nAIShell.h:167: error: \u2018cellType\u2019 is not a class or namespace\nAIShell.h:171: error: \u2018abs\u2019 is not a member of \u2018std\u2019\nAIShell.h:183: error: no match for \u2018operator[]\u2019 in \u2018board[j]\u2019\nAIShell.h:183: error: \u2018cellType\u2019 is not a class or namespace\nAIShell.h:189: error: no match for \u2018operator[]\u2019 in \u2018board[j]\u2019\nAIShell.h:189: error: \u2018cellType\u2019 is not a class or namespace\nAIShell.h:195: error: no match for \u2018operator[]\u2019 in \u2018board[j]\u2019\nAIShell.h:195: error: \u2018cellType\u2019 is not a class or namespace\nAIShell.h:199: error: \u2018abs\u2019 is not a member of \u2018std\u2019\nAIShell.h:210: error: no match for \u2018operator[]\u2019 in \u2018board[(boardCol + i)]\u2019\nAIShell.h:210: error: \u2018cellType\u2019 is not a class or namespace\nAIShell.h:216: error: no match for \u2018operator[]\u2019 in \u2018board[(boardCol + i)]\u2019\nAIShell.h:216: error: \u2018cellType\u2019 is not a class or namespace\nAIShell.h:222: error: no match for \u2018operator[]\u2019 in \u2018board[(boardCol + i)]\u2019\nAIShell.h:222: error: \u2018cellType\u2019 is not a class or namespace\nAIShell.h:226: error: \u2018abs\u2019 is not a member of \u2018std\u2019\nAIShell.h:231: error: no match for \u2018operator[]\u2019 in \u2018board[(boardCol + i)]\u2019\nAIShell.h:231: error: \u2018cellType\u2019 is not a class or namespace\nAIShell.h:237: error: no match for \u2018operator[]\u2019 in \u2018board[(boardCol + i)]\u2019\nAIShell.h:237: error: \u2018cellType\u2019 is not a class or namespace\nAIShell.h:243: error: no match for \u2018operator[]\u2019 in \u2018board[(boardCol + i)]\u2019\nAIShell.h:243: error: \u2018cellType\u2019 is not a class or namespace\nAIShell.h:247: error: \u2018abs\u2019 is not a member of \u2018std\u2019\nIn file included from /usr/lib/gcc/x86_64-redhat-linux/4.4.7/../../../../include/c++/4.4.7/chrono:35,\n                 from AIShell.h:4,\n                 from ConnectK.cpp:12:\n/usr/lib/gcc/x86_64-redhat-linux/4.4.7/../../../../include/c++/4.4.7/c++0x_warning.h:31:2: error: #error This file requires compiler and library support for the upcoming ISO C++ standard, C++0x. This support is currently experimental, and must be enabled with the -std=c++0x or -std=gnu++0x compiler options.\nIn file included from ConnectK.cpp:12:\nAIShell.h:7:18: error: atomic: No such file or directory\nIn file included from GameBoard.hpp:15,\n                 from AIShell.h:9,\n                 from ConnectK.cpp:12:\nGameNode.hpp: In constructor \u2018GameNode::GameNode()\u2019:\nGameNode.hpp:16: error: \u2018nullptr\u2019 was not declared in this scope\nIn file included from AIShell.h:9,\n                 from ConnectK.cpp:12:\nGameBoard.hpp: In function \u2018std::ostream& operator<<(std::ostream&, const Cell&)\u2019:\nGameBoard.hpp:44: error: \u2018cellType\u2019 is not a class or namespace\nGameBoard.hpp:46: error: \u2018cellType\u2019 is not a class or namespace\nGameBoard.hpp: At global scope:\nGameBoard.hpp:96: error: ISO C++ forbids declaration of \u2018array\u2019 with no type\nGameBoard.hpp:96: error: invalid use of \u2018::\u2019\nGameBoard.hpp:96: error: expected \u2018;\u2019 before \u2018<\u2019 token\nGameBoard.hpp:101: error: expected \u2018;\u2019 before \u2018private\u2019\nGameBoard.hpp:102: error: ISO C++ forbids declaration of \u2018array\u2019 with no type\nGameBoard.hpp:102: error: invalid use of \u2018::\u2019\nGameBoard.hpp:102: error: expected \u2018;\u2019 before \u2018<\u2019 token\nGameBoard.hpp: In member function \u2018GameBoard GameBoard::operator=(GameBoard&)\u2019:\nGameBoard.hpp:60: error: \u2018_board\u2019 was not declared in this scope\nGameBoard.hpp:60: error: \u2018class GameBoard\u2019 has no member named \u2018_board\u2019\nGameBoard.hpp: In member function \u2018void GameBoard::setBoard(int, int)\u2019:\nGameBoard.hpp:69: error: \u2018_board\u2019 was not declared in this scope\nGameBoard.hpp:69: error: \u2018cellType\u2019 is not a class or namespace\nGameBoard.hpp: In member function \u2018bool GameBoard::addMove(Move, cellType)\u2019:\nGameBoard.hpp:75: error: \u2018_board\u2019 was not declared in this scope\nGameBoard.hpp:77: error: \u2018_board\u2019 was not declared in this scope\nGameBoard.hpp: In member function \u2018bool GameBoard::addMove(int, int, cellType)\u2019:\nGameBoard.hpp:82: error: \u2018_board\u2019 was not declared in this scope\nGameBoard.hpp:84: error: \u2018_board\u2019 was not declared in this scope\nGameBoard.hpp: In member function \u2018bool GameBoard::removeMove(Move)\u2019:\nGameBoard.hpp:91: error: \u2018_board\u2019 was not declared in this scope\nGameBoard.hpp:91: error: \u2018cellType\u2019 is not a class or namespace\nGameBoard.hpp:93: error: \u2018_board\u2019 was not declared in this scope\nGameBoard.hpp:93: error: \u2018cellType\u2019 is not a class or namespace\nIn file included from ConnectK.cpp:12:\nAIShell.h: At global scope:\nAIShell.h:258: error: ISO C++ forbids declaration of \u2018thread\u2019 with no type\nAIShell.h:258: error: invalid use of \u2018::\u2019\nAIShell.h:258: error: expected \u2018;\u2019 before \u2018*\u2019 token\nAIShell.h:265: error: ISO C++ forbids declaration of \u2018atomic\u2019 with no type\nAIShell.h:265: error: invalid use of \u2018::\u2019\nAIShell.h:265: error: expected \u2018;\u2019 before \u2018<\u2019 token\nAIShell.h:266: error: ISO C++ forbids declaration of \u2018atomic\u2019 with no type\nAIShell.h:266: error: invalid use of \u2018::\u2019\nAIShell.h:266: error: expected \u2018;\u2019 before \u2018<\u2019 token\nAIShell.h: In constructor \u2018AIShell::AIShell()\u2019:\nAIShell.h:28: error: \u2018_builder\u2019 was not declared in this scope\nAIShell.h:28: error: \u2018nullptr\u2019 was not declared in this scope\nAIShell.h: In constructor \u2018AIShell::AIShell(const char*)\u2019:\nAIShell.h:33: error: \u2018_builder\u2019 was not declared in this scope\nAIShell.h:33: error: \u2018nullptr\u2019 was not declared in this scope\nAIShell.h: In destructor \u2018AIShell::~AIShell()\u2019:\nAIShell.h:37: error: \u2018_builder\u2019 was not declared in this scope\nAIShell.h:38: error: type \u2018<type error>\u2019 argument given to \u2018delete\u2019, expected pointer\nAIShell.h: In member function \u2018void AIShell::setBoard(bool, int, int, int, Move)\u2019:\nAIShell.h:46: error: \u2018_move_count\u2019 was not declared in this scope\nAIShell.h:47: error: \u2018_run\u2019 was not declared in this scope\nAIShell.h:52: error: \u2018cellType\u2019 is not a class or namespace\nAIShell.h: In member function \u2018void AIShell::enemyMove(Move)\u2019:\nAIShell.h:64: error: \u2018_move_count\u2019 was not declared in this scope\nAIShell.h:65: error: \u2018cellType\u2019 is not a class or namespace\nAIShell.h: In member function \u2018Move AIShell::makeMove(int)\u2019:\nAIShell.h:81: error: \u2018_move_count\u2019 was not declared in this scope\nAIShell.h:83: error: \u2018cellType\u2019 is not a class or namespace\nAIShell.h: In member function \u2018virtual void AIShell::_logic(int)\u2019:\nAIShell.h:103: error: no match for \u2018operator[]\u2019 in \u2018((AIShell*)this)->AIShell::_game[col]\u2019\nAIShell.h:103: error: \u2018cellType\u2019 is not a class or namespace\nAIShell.h:110: error: \u2018std::this_thread\u2019 has not been declared\nAIShell.h:110: error: \u2018std::chrono\u2019 has not been declared\nAIShell.h: In member function \u2018void AIShell::_buildGameTree()\u2019:\nAIShell.h:122: error: \u2018_run\u2019 was not declared in this scope\nAIShell.h:128: error: \u2018_move_count\u2019 was not declared in this scope\nAIShell.h:130: error: \u2018cellType\u2019 is not a class or namespace\nAIShell.h:135: error: \u2018cellType\u2019 is not a class or namespace\nAIShell.h: In member function \u2018int AIShell::goalTest(const GameBoard&)\u2019:\nAIShell.h:155: error: no match for \u2018operator[]\u2019 in \u2018board[i]\u2019\nAIShell.h:155: error: \u2018cellType\u2019 is not a class or namespace\nAIShell.h:161: error: no match for \u2018operator[]\u2019 in \u2018board[i]\u2019\nAIShell.h:161: error: \u2018cellType\u2019 is not a class or namespace\nAIShell.h:167: error: no match for \u2018operator[]\u2019 in \u2018board[i]\u2019\nAIShell.h:167: error: \u2018cellType\u2019 is not a class or namespace\nAIShell.h:183: error: no match for \u2018operator[]\u2019 in \u2018board[j]\u2019\nAIShell.h:183: error: \u2018cellType\u2019 is not a class or namespace\nAIShell.h:189: error: no match for \u2018operator[]\u2019 in \u2018board[j]\u2019\nAIShell.h:189: error: \u2018cellType\u2019 is not a class or namespace\nAIShell.h:195: error: no match for \u2018operator[]\u2019 in \u2018board[j]\u2019\nAIShell.h:195: error: \u2018cellType\u2019 is not a class or namespace\nAIShell.h:210: error: no match for \u2018operator[]\u2019 in \u2018board[(boardCol + i)]\u2019\nAIShell.h:210: error: \u2018cellType\u2019 is not a class or namespace\nAIShell.h:216: error: no match for \u2018operator[]\u2019 in \u2018board[(boardCol + i)]\u2019\nAIShell.h:216: error: \u2018cellType\u2019 is not a class or namespace\nAIShell.h:222: error: no match for \u2018operator[]\u2019 in \u2018board[(boardCol + i)]\u2019\nAIShell.h:222: error: \u2018cellType\u2019 is not a class or namespace\nAIShell.h:231: error: no match for \u2018operator[]\u2019 in \u2018board[(boardCol + i)]\u2019\nAIShell.h:231: error: \u2018cellType\u2019 is not a class or namespace\nAIShell.h:237: error: no match for \u2018operator[]\u2019 in \u2018board[(boardCol + i)]\u2019\nAIShell.h:237: error: \u2018cellType\u2019 is not a class or namespace\nAIShell.h:243: error: no match for \u2018operator[]\u2019 in \u2018board[(boardCol + i)]\u2019\nAIShell.h:243: error: \u2018cellType\u2019 is not a class or namespace\nIn file included from ConnectK.cpp:13:\nAIWIP.hpp: At global scope:\nAIWIP.hpp:265: error: \u2018uint8_t\u2019 has not been declared\nIn file included from ConnectK.cpp:13:\nAIWIP.hpp: In constructor \u2018AIWIP::AIWIP()\u2019:\nAIWIP.hpp:17: error: \u2018nullptr\u2019 was not declared in this scope\nAIWIP.hpp: In constructor \u2018AIWIP::AIWIP(const char*)\u2019:\nAIWIP.hpp:19: error: \u2018nullptr\u2019 was not declared in this scope\nAIWIP.hpp: In member function \u2018virtual GameNode* AIWIP::getPossibleMoves(const GameBoard&, bool)\u2019:\nAIWIP.hpp:24: error: \u2018nullptr\u2019 was not declared in this scope\nAIWIP.hpp:28: error: no match for \u2018operator[]\u2019 in \u2018board[col]\u2019\nAIWIP.hpp:28: error: \u2018cellType\u2019 is not a class or namespace\nAIWIP.hpp: In member function \u2018virtual int AIWIP::ids(int, int, GameNode**, GameBoard, int, cellType)\u2019:\nAIWIP.hpp:77: error: \u2018_run\u2019 was not declared in this scope\nIn file included from ConnectK.cpp:13:\nAIWIP.hpp: In member function \u2018virtual void AIWIP::_logic(int)\u2019:\nAIWIP.hpp:136: error: \u2018_move_count\u2019 was not declared in this scope\nAIWIP.hpp: In member function \u2018virtual void AIWIP::_cleanTree()\u2019:\nAIWIP.hpp:215: error: \u2018nullptr\u2019 was not declared in this scope\nAIWIP.hpp: In constructor \u2018AIWIP::EvalObject::EvalObject(int)\u2019:\nAIWIP.hpp:237: error: \u2018cellType\u2019 is not a class or namespace\nAIWIP.hpp: In member function \u2018int AIWIP::eval2(const GameBoard&, bool)\u2019:\nAIWIP.hpp:250: error: \u2018cellType\u2019 is not a class or namespace\nAIWIP.hpp: In member function \u2018int AIWIP::eval(const GameBoard&, bool)\u2019:\nAIWIP.hpp:394: error: no match for \u2018operator[]\u2019 in \u2018board[i]\u2019\nAIWIP.hpp:394: error: \u2018cellType\u2019 is not a class or namespace\nAIWIP.hpp:397: error: no match for \u2018operator[]\u2019 in \u2018board[i]\u2019\nAIWIP.hpp:397: error: \u2018cellType\u2019 is not a class or namespace\nIn file included from GameNode.cpp:9:\nGameNode.hpp:26: error: \u2018int16_t\u2019 does not name a type\nGameNode.hpp: In constructor \u2018GameNode::GameNode()\u2019:\nGameNode.hpp:16: error: \u2018nullptr\u2019 was not declared in this scope\nMove.cpp:4: error: redefinition of \u2018Move::Move()\u2019\nMove.h:10: error: \u2018Move::Move()\u2019 previously defined here\nMove.cpp:7: error: redefinition of \u2018Move::Move(int, int)\u2019\nMove.h:11: error: \u2018Move::Move(int, int)\u2019 previously defined here\nMove.cpp:11: error: prototype for \u2018Move Move::operator=(Move)\u2019 does not match any in class \u2018Move\u2019\nMove.h:8: error: candidate is: Move& Move::operator=(const Move&)\nMove.cpp:17: error: prototype for \u2018int Move::getRow()\u2019 does not match any in class \u2018Move\u2019\nMove.h:32: error: candidate is: int Move::getRow() const\nMove.cpp:22: error: prototype for \u2018int Move::getCol()\u2019 does not match any in class \u2018Move\u2019\nMove.h:28: error: candidate is: int Move::getCol() const\nMove.cpp:28: error: no \u2018void Move::set(int, int)\u2019 member function declared in class \u2018Move\u2019\nMove.cpp:34: error: redefinition of \u2018void Move::setRow(int)\u2019\nMove.h:40: error: \u2018void Move::setRow(int)\u2019 previously defined here\nMove.cpp:41: error: redefinition of \u2018void Move::setCol(int)\u2019\nMove.h:36: error: \u2018void Move::setCol(int)\u2019 previously defined here\nIn file included from /usr/lib/gcc/x86_64-redhat-linux/4.4.7/../../../../include/c++/4.4.7/chrono:35,\n                 from AIShell.h:4,\n                 from AIWIP.hpp:12,\n                 from WIP.cpp:12:\n/usr/lib/gcc/x86_64-redhat-linux/4.4.7/../../../../include/c++/4.4.7/c++0x_warning.h:31:2: error: #error This file requires compiler and library support for the upcoming ISO C++ standard, C++0x. This support is currently experimental, and must be enabled with the -std=c++0x or -std=gnu++0x compiler options.\nIn file included from AIWIP.hpp:12,\n                 from WIP.cpp:12:\nAIShell.h:7:18: error: atomic: No such file or directory\nIn file included from GameBoard.hpp:15,\n                 from AIShell.h:9,\n                 from AIWIP.hpp:12,\n                 from WIP.cpp:12:\nGameNode.hpp: In constructor \u2018GameNode::GameNode()\u2019:\nGameNode.hpp:16: error: \u2018nullptr\u2019 was not declared in this scope\nIn file included from AIShell.h:9,\n                 from AIWIP.hpp:12,\n                 from WIP.cpp:12:\nGameBoard.hpp: In function \u2018std::ostream& operator<<(std::ostream&, const Cell&)\u2019:\nGameBoard.hpp:44: error: \u2018cellType\u2019 is not a class or namespace\nGameBoard.hpp:46: error: \u2018cellType\u2019 is not a class or namespace\nGameBoard.hpp: At global scope:\nGameBoard.hpp:96: error: ISO C++ forbids declaration of \u2018array\u2019 with no type\nGameBoard.hpp:96: error: invalid use of \u2018::\u2019\nGameBoard.hpp:96: error: expected \u2018;\u2019 before \u2018<\u2019 token\nGameBoard.hpp:101: error: expected \u2018;\u2019 before \u2018private\u2019\nGameBoard.hpp:102: error: ISO C++ forbids declaration of \u2018array\u2019 with no type\nGameBoard.hpp:102: error: invalid use of \u2018::\u2019\nGameBoard.hpp:102: error: expected \u2018;\u2019 before \u2018<\u2019 token\nGameBoard.hpp: In member function \u2018GameBoard GameBoard::operator=(GameBoard&)\u2019:\nGameBoard.hpp:60: error: \u2018_board\u2019 was not declared in this scope\nGameBoard.hpp:60: error: \u2018class GameBoard\u2019 has no member named \u2018_board\u2019\nGameBoard.hpp: In member function \u2018void GameBoard::setBoard(int, int)\u2019:\nGameBoard.hpp:69: error: \u2018_board\u2019 was not declared in this scope\nGameBoard.hpp:69: error: \u2018cellType\u2019 is not a class or namespace\nGameBoard.hpp: In member function \u2018bool GameBoard::addMove(Move, cellType)\u2019:\nGameBoard.hpp:75: error: \u2018_board\u2019 was not declared in this scope\nGameBoard.hpp:77: error: \u2018_board\u2019 was not declared in this scope\nGameBoard.hpp: In member function \u2018bool GameBoard::addMove(int, int, cellType)\u2019:\nGameBoard.hpp:82: error: \u2018_board\u2019 was not declared in this scope\nGameBoard.hpp:84: error: \u2018_board\u2019 was not declared in this scope\nGameBoard.hpp: In member function \u2018bool GameBoard::removeMove(Move)\u2019:\nGameBoard.hpp:91: error: \u2018_board\u2019 was not declared in this scope\nGameBoard.hpp:91: error: \u2018cellType\u2019 is not a class or namespace\nGameBoard.hpp:93: error: \u2018_board\u2019 was not declared in this scope\nGameBoard.hpp:93: error: \u2018cellType\u2019 is not a class or namespace\nIn file included from AIWIP.hpp:12,\n                 from WIP.cpp:12:\nAIShell.h: At global scope:\nAIShell.h:258: error: ISO C++ forbids declaration of \u2018thread\u2019 with no type\nAIShell.h:258: error: invalid use of \u2018::\u2019\nAIShell.h:258: error: expected \u2018;\u2019 before \u2018*\u2019 token\nAIShell.h:265: error: ISO C++ forbids declaration of \u2018atomic\u2019 with no type\nAIShell.h:265: error: invalid use of \u2018::\u2019\nAIShell.h:265: error: expected \u2018;\u2019 before \u2018<\u2019 token\nAIShell.h:266: error: ISO C++ forbids declaration of \u2018atomic\u2019 with no type\nAIShell.h:266: error: invalid use of \u2018::\u2019\nAIShell.h:266: error: expected \u2018;\u2019 before \u2018<\u2019 token\nAIShell.h: In constructor \u2018AIShell::AIShell()\u2019:\nAIShell.h:28: error: \u2018_builder\u2019 was not declared in this scope\nAIShell.h:28: error: \u2018nullptr\u2019 was not declared in this scope\nAIShell.h: In constructor \u2018AIShell::AIShell(const char*)\u2019:\nAIShell.h:33: error: \u2018_builder\u2019 was not declared in this scope\nAIShell.h:33: error: \u2018nullptr\u2019 was not declared in this scope\nAIShell.h: In destructor \u2018AIShell::~AIShell()\u2019:\nAIShell.h:37: error: \u2018_builder\u2019 was not declared in this scope\nAIShell.h:38: error: type \u2018<type error>\u2019 argument given to \u2018delete\u2019, expected pointer\nAIShell.h: In member function \u2018void AIShell::setBoard(bool, int, int, int, Move)\u2019:\nAIShell.h:46: error: \u2018_move_count\u2019 was not declared in this scope\nAIShell.h:47: error: \u2018_run\u2019 was not declared in this scope\nAIShell.h:52: error: \u2018cellType\u2019 is not a class or namespace\nAIShell.h: In member function \u2018void AIShell::enemyMove(Move)\u2019:\nAIShell.h:64: error: \u2018_move_count\u2019 was not declared in this scope\nAIShell.h:65: error: \u2018cellType\u2019 is not a class or namespace\nAIShell.h: In member function \u2018Move AIShell::makeMove(int)\u2019:\nAIShell.h:81: error: \u2018_move_count\u2019 was not declared in this scope\nAIShell.h:83: error: \u2018cellType\u2019 is not a class or namespace\nAIShell.h: In member function \u2018virtual void AIShell::_logic(int)\u2019:\nAIShell.h:103: error: no match for \u2018operator[]\u2019 in \u2018((AIShell*)this)->AIShell::_game[col]\u2019\nAIShell.h:103: error: \u2018cellType\u2019 is not a class or namespace\nAIShell.h:110: error: \u2018std::this_thread\u2019 has not been declared\nAIShell.h:110: error: \u2018std::chrono\u2019 has not been declared\nAIShell.h: In member function \u2018void AIShell::_buildGameTree()\u2019:\nAIShell.h:122: error: \u2018_run\u2019 was not declared in this scope\nAIShell.h:128: error: \u2018_move_count\u2019 was not declared in this scope\nAIShell.h:130: error: \u2018cellType\u2019 is not a class or namespace\nAIShell.h:135: error: \u2018cellType\u2019 is not a class or namespace\nAIShell.h: In member function \u2018int AIShell::goalTest(const GameBoard&)\u2019:\nAIShell.h:155: error: no match for \u2018operator[]\u2019 in \u2018board[i]\u2019\nAIShell.h:155: error: \u2018cellType\u2019 is not a class or namespace\nAIShell.h:161: error: no match for \u2018operator[]\u2019 in \u2018board[i]\u2019\nAIShell.h:161: error: \u2018cellType\u2019 is not a class or namespace\nAIShell.h:167: error: no match for \u2018operator[]\u2019 in \u2018board[i]\u2019\nAIShell.h:167: error: \u2018cellType\u2019 is not a class or namespace\nAIShell.h:183: error: no match for \u2018operator[]\u2019 in \u2018board[j]\u2019\nAIShell.h:183: error: \u2018cellType\u2019 is not a class or namespace\nAIShell.h:189: error: no match for \u2018operator[]\u2019 in \u2018board[j]\u2019\nAIShell.h:189: error: \u2018cellType\u2019 is not a class or namespace\nAIShell.h:195: error: no match for \u2018operator[]\u2019 in \u2018board[j]\u2019\nAIShell.h:195: error: \u2018cellType\u2019 is not a class or namespace\nAIShell.h:210: error: no match for \u2018operator[]\u2019 in \u2018board[(boardCol + i)]\u2019\nAIShell.h:210: error: \u2018cellType\u2019 is not a class or namespace\nAIShell.h:216: error: no match for \u2018operator[]\u2019 in \u2018board[(boardCol + i)]\u2019\nAIShell.h:216: error: \u2018cellType\u2019 is not a class or namespace\nAIShell.h:222: error: no match for \u2018operator[]\u2019 in \u2018board[(boardCol + i)]\u2019\nAIShell.h:222: error: \u2018cellType\u2019 is not a class or namespace\nAIShell.h:231: error: no match for \u2018operator[]\u2019 in \u2018board[(boardCol + i)]\u2019\nAIShell.h:231: error: \u2018cellType\u2019 is not a class or namespace\nAIShell.h:237: error: no match for \u2018operator[]\u2019 in \u2018board[(boardCol + i)]\u2019\nAIShell.h:237: error: \u2018cellType\u2019 is not a class or namespace\nAIShell.h:243: error: no match for \u2018operator[]\u2019 in \u2018board[(boardCol + i)]\u2019\nAIShell.h:243: error: \u2018cellType\u2019 is not a class or namespace\nIn file included from WIP.cpp:12:\nAIWIP.hpp: At global scope:\nAIWIP.hpp:265: error: \u2018uint8_t\u2019 has not been declared\nIn file included from WIP.cpp:12:\nAIWIP.hpp: In constructor \u2018AIWIP::AIWIP()\u2019:\nAIWIP.hpp:17: error: \u2018nullptr\u2019 was not declared in this scope\nAIWIP.hpp: In constructor \u2018AIWIP::AIWIP(const char*)\u2019:\nAIWIP.hpp:19: error: \u2018nullptr\u2019 was not declared in this scope\nAIWIP.hpp: In member function \u2018virtual GameNode* AIWIP::getPossibleMoves(const GameBoard&, bool)\u2019:\nAIWIP.hpp:24: error: \u2018nullptr\u2019 was not declared in this scope\nAIWIP.hpp:28: error: no match for \u2018operator[]\u2019 in \u2018board[col]\u2019\nAIWIP.hpp:28: error: \u2018cellType\u2019 is not a class or namespace\nAIWIP.hpp: In member function \u2018virtual int AIWIP::ids(int, int, GameNode**, GameBoard, int, cellType)\u2019:\nAIWIP.hpp:77: error: \u2018_run\u2019 was not declared in this scope\nIn file included from WIP.cpp:12:\nAIWIP.hpp: In member function \u2018virtual void AIWIP::_logic(int)\u2019:\nAIWIP.hpp:136: error: \u2018_move_count\u2019 was not declared in this scope\nAIWIP.hpp: In member function \u2018virtual void AIWIP::_cleanTree()\u2019:\nAIWIP.hpp:215: error: \u2018nullptr\u2019 was not declared in this scope\nAIWIP.hpp: In constructor \u2018AIWIP::EvalObject::EvalObject(int)\u2019:\nAIWIP.hpp:237: error: \u2018cellType\u2019 is not a class or namespace\nAIWIP.hpp: In member function \u2018int AIWIP::eval2(const GameBoard&, bool)\u2019:\nAIWIP.hpp:250: error: \u2018cellType\u2019 is not a class or namespace\nAIWIP.hpp: In member function \u2018int AIWIP::eval(const GameBoard&, bool)\u2019:\nAIWIP.hpp:394: error: no match for \u2018operator[]\u2019 in \u2018board[i]\u2019\nAIWIP.hpp:394: error: \u2018cellType\u2019 is not a class or namespace\nAIWIP.hpp:397: error: no match for \u2018operator[]\u2019 in \u2018board[i]\u2019\nAIWIP.hpp:397: error: \u2018cellType\u2019 is not a class or namespace\n################\n/home/minhaenl/cs_171/draft/Files/hlestrad_Estrada_59677798_Yoshi/Estrada_59677798_Yoshi/src\n################\n/home/minhaenl/cs_171/draft/Files/hrvega_vega_54709488_GnomeChild/src\nAIShell.h:36: error: \u2018>>\u2019 should be \u2018> >\u2019 within a nested template argument list\nAIShell.h:37: error: \u2018>>\u2019 should be \u2018> >\u2019 within a nested template argument list\nAIShell.h:39: error: \u2018>>\u2019 should be \u2018> >\u2019 within a nested template argument list\nAIShell.h:41: error: \u2018>>\u2019 should be \u2018> >\u2019 within a nested template argument list\nIn file included from /usr/lib/gcc/x86_64-redhat-linux/4.4.7/../../../../include/c++/4.4.7/random:35,\n                 from AIShell.cpp:8:\n/usr/lib/gcc/x86_64-redhat-linux/4.4.7/../../../../include/c++/4.4.7/c++0x_warning.h:31:2: error: #error This file requires compiler and library support for the upcoming ISO C++ standard, C++0x. This support is currently experimental, and must be enabled with the -std=c++0x or -std=gnu++0x compiler options.\nIn file included from AIShell.cpp:4:\nAIShell.h:36: error: \u2018>>\u2019 should be \u2018> >\u2019 within a nested template argument list\nAIShell.h:37: error: \u2018>>\u2019 should be \u2018> >\u2019 within a nested template argument list\nAIShell.h:39: error: \u2018>>\u2019 should be \u2018> >\u2019 within a nested template argument list\nAIShell.h:41: error: \u2018>>\u2019 should be \u2018> >\u2019 within a nested template argument list\nAIShell.cpp:32: error: \u2018>>\u2019 should be \u2018> >\u2019 within a nested template argument list\nAIShell.cpp: In function \u2018std::vector<std::pair<int, int>, std::allocator<std::pair<int, int> > > allAxis()\u2019:\nAIShell.cpp:42: error: \u2018>>\u2019 should be \u2018> >\u2019 within a nested template argument list\nAIShell.cpp: In member function \u2018bool AIShell::isGameEnded(int, int)\u2019:\nAIShell.cpp:59: error: \u2018>>\u2019 should be \u2018> >\u2019 within a nested template argument list\nAIShell.cpp: At global scope:\nAIShell.cpp:130: error: \u2018>>\u2019 should be \u2018> >\u2019 within a nested template argument list\nAIShell.cpp: In member function \u2018bool AIShell::isNextToOtherPiece(int, int, std::vector<std::vector<int, std::allocator<int> >, std::allocator<std::vector<int, std::allocator<int> > > >)\u2019:\nAIShell.cpp:132: error: \u2018>>\u2019 should be \u2018> >\u2019 within a nested template argument list\nAIShell.cpp: At global scope:\nAIShell.cpp:145: error: \u2018>>\u2019 should be \u2018> >\u2019 within a nested template argument list\nAIShell.cpp: In member function \u2018std::vector<std::vector<int, std::allocator<int> >, std::allocator<std::vector<int, std::allocator<int> > > > AIShell::copyGamestate()\u2019:\nAIShell.cpp:186: error: \u2018>>\u2019 should be \u2018> >\u2019 within a nested template argument list\nAIShell.cpp: At global scope:\nAIShell.cpp:202: error: \u2018>>\u2019 should be \u2018> >\u2019 within a nested template argument list\nAIShell.cpp:239: error: \u2018>>\u2019 should be \u2018> >\u2019 within a nested template argument list\nIn file included from ConnectK.cpp:5:\nAIShell.h:36: error: \u2018>>\u2019 should be \u2018> >\u2019 within a nested template argument list\nAIShell.h:37: error: \u2018>>\u2019 should be \u2018> >\u2019 within a nested template argument list\nAIShell.h:39: error: \u2018>>\u2019 should be \u2018> >\u2019 within a nested template argument list\nAIShell.h:41: error: \u2018>>\u2019 should be \u2018> >\u2019 within a nested template argument list\n################\n/home/minhaenl/cs_171/draft/Files/itokuyam_Tokuyama_itokuyam_Mustachio/Tokuyama_itokuyam_Mustachio/171ConnectK\nIn file included from stdafx.h:8:\ntargetver.h:8:23: error: SDKDDKVer.h: No such file or directory\nstdafx.h:11:19: error: tchar.h: No such file or directory\ntargetver.h:8:23: error: SDKDDKVer.h: No such file or directory\nIn file included from stdafx.h:8,\n                 from AIShell.cpp:5:\ntargetver.h:8:23: error: SDKDDKVer.h: No such file or directory\nIn file included from AIShell.cpp:5:\nstdafx.h:11:19: error: tchar.h: No such file or directory\nIn file included from stdafx.h:8,\n                 from ConnectK.cpp:7:\ntargetver.h:8:23: error: SDKDDKVer.h: No such file or directory\nIn file included from ConnectK.cpp:7:\nstdafx.h:11:19: error: tchar.h: No such file or directory\nIn file included from stdafx.h:8,\n                 from Move.cpp:2:\ntargetver.h:8:23: error: SDKDDKVer.h: No such file or directory\nIn file included from Move.cpp:2:\nstdafx.h:11:19: error: tchar.h: No such file or directory\nIn file included from stdafx.h:8,\n                 from stdafx.cpp:5:\ntargetver.h:8:23: error: SDKDDKVer.h: No such file or directory\nIn file included from stdafx.cpp:5:\nstdafx.h:11:19: error: tchar.h: No such file or directory\n################\n/home/minhaenl/cs_171/draft/Files/jkhabra_Khabra_jkhabra_zombieelites/Khabra_jkhabra_zombieelites/src\n################\n/home/minhaenl/cs_171/draft/Files/julianrc_cordero_julianrc_victoryProducer/cordero_julianrc_victoryProducer/src\n################\n/home/minhaenl/cs_171/draft/Files/kinciong_Inciong_kinciong_TaylorSwift/src\n################\n/home/minhaenl/cs_171/draft/Files/klxu_Xu_klxu_com2/Xu_klxu/src\n################\n/home/minhaenl/cs_171/draft/Files/klynaugh_Lynaugh_KLYNAUGH_TeamRageQuit/src\n################\n/home/minhaenl/cs_171/draft/Files/knphan1_Phan_knphan1_TK/Phan_knphan1_TK/src\n################\n/home/minhaenl/cs_171/draft/Files/kruegern_Krueger_kruegern_Cyberdyne/Krueger_51194759_Cyberdyne/src\n################\n/home/minhaenl/cs_171/draft/Files/lamth_lam_lamth_suckitturing/src\n################\n/home/minhaenl/cs_171/draft/Files/larad_ConnectK_Draft/ConnectK_Draft\n################\n/home/minhaenl/cs_171/draft/Files/larad_Lara_LaraD_CarRamRod/Lara_LaraD_CarRamRod/src\n################\n/home/minhaenl/cs_171/draft/Files/leonl3_ConnectK_Team_Fish\n################\n/home/minhaenl/cs_171/draft/Files/luisel_Lopez_luisel_Berserkear/Lopez_33761106_Berserkear/src\n################\n/home/minhaenl/cs_171/draft/Files/mbobke_bobke_mbobke_AIisLoveAIisLife/bobke_mbobke_AIisLoveAIisLife/src\n################\n/home/minhaenl/cs_171/draft/Files/mcrober1_Robertson_92965058_TeamNotActuallyATeam/Robertson_92965058_TeamNotActuallyATeam/src\n################\n/home/minhaenl/cs_171/draft/Files/monamiy_Yang_44194004_AISquad/Yang_44194004_AISquad/src\nAIShell.h:5:18: error: Move.h: No such file or directory\nAIShell.h:34: error: \u2018Move\u2019 does not name a type\nAIShell.h:52: error: \u2018Move\u2019 has not been declared\nAIShell.h:54: error: \u2018Move\u2019 does not name a type\nIn file included from AIShell.cpp:1:\nAIShell.h:5:18: error: Move.h: No such file or directory\nIn file included from AIShell.cpp:1:\nAIShell.h:34: error: \u2018Move\u2019 does not name a type\nIn file included from AIShell.cpp:1:\nAIShell.h:52: error: \u2018Move\u2019 has not been declared\nAIShell.h:54: error: \u2018Move\u2019 does not name a type\nAIShell.cpp:7: error: \u2018Move\u2019 has not been declared\nAIShell.cpp: In constructor \u2018AIShell::AIShell(int, int, bool, int**, int)\u2019:\nAIShell.cpp:14: error: \u2018class AIShell\u2019 has no member named \u2018lastMove\u2019\nAIShell.cpp: At global scope:\nAIShell.cpp:34: error: \u2018Move\u2019 does not name a type\n################\n/home/minhaenl/cs_171/draft/Files/monamiy_Yang_44194004_AISquad_bugfix/Yang_44194004_AISquad/src\n/usr/lib/gcc/x86_64-redhat-linux/4.4.7/../../../../lib64/crt1.o: In function `_start':\n(.text+0x20): undefined reference to `main'\ncollect2: ld returned 1 exit status\n################\n/home/minhaenl/cs_171/draft/Files/mushkalo_ushkalov_68213593_GetRekt/src\n################\n/home/minhaenl/cs_171/draft/Files/pnpatel2_Patel_pnpatel2_HorizonEffect/src\nIn file included from /usr/lib/gcc/x86_64-redhat-linux/4.4.7/../../../../include/c++/4.4.7/type_traits:35,\n                 from Board.h:5:\n/usr/lib/gcc/x86_64-redhat-linux/4.4.7/../../../../include/c++/4.4.7/c++0x_warning.h:31:2: error: #error This file requires compiler and library support for the upcoming ISO C++ standard, C++0x. This support is currently experimental, and must be enabled with the -std=c++0x or -std=gnu++0x compiler options.\nBoard.h:18: error: \u2018conditional\u2019 in namespace \u2018std\u2019 does not name a type\nBoard.h:18: error: expected unqualified-id before \u2018<\u2019 token\nBoard.h:20: error: ISO C++ forbids declaration of \u2018uint_board\u2019 with no type\nBoard.h:20: error: expected \u2018,\u2019 or \u2018...\u2019 before \u2018&\u2019 token\nBoard.h:25: error: \u2018uint_board\u2019 does not name a type\nBoard.h: In constructor \u2018BoardMoveIterator<Gravity>::BoardMoveIterator(const uint&, int)\u2019:\nBoard.h:21: error: class \u2018BoardMoveIterator<Gravity>\u2019 does not have any field named \u2018free\u2019\nBoard.h:21: error: \u2018free\u2019 was not declared in this scope\nBoard.h: At global scope:\nBoard.h:35: error: \u2018conditional\u2019 in namespace \u2018std\u2019 does not name a type\nBoard.h:35: error: expected unqualified-id before \u2018<\u2019 token\nBoard.h:42: error: \u2018uint_board\u2019 does not name a type\nBoard.h:43: error: \u2018uint_board\u2019 does not name a type\nBoard.h:92: error: ISO C++ forbids declaration of \u2018uint_board\u2019 with no type\nBoard.h:92: error: expected \u2018,\u2019 or \u2018...\u2019 before \u2018&\u2019 token\nBoard.h: In constructor \u2018Board<Gravity>::Board()\u2019:\nBoard.h:39: error: class \u2018Board<Gravity>\u2019 does not have any field named \u2018black\u2019\nBoard.h:39: error: class \u2018Board<Gravity>\u2019 does not have any field named \u2018white\u2019\nBoard.h: In member function \u2018BoardMoveIterator<Gravity> Board<Gravity>::GetMoveIterator(const uint&, const uint&) const\u2019:\nBoard.h:48: error: \u2018uint_board\u2019 does not name a type\nBoard.h:55: error: \u2018black\u2019 was not declared in this scope\nBoard.h:55: error: \u2018white\u2019 was not declared in this scope\nBoard.h:55: error: \u2018mask\u2019 was not declared in this scope\nBoard.h: In member function \u2018void Board<Gravity>::MakeMove(const uint&, const bool&)\u2019:\nBoard.h:64: error: \u2018black\u2019 was not declared in this scope\nBoard.h:64: error: \u2018uint_board\u2019 was not declared in this scope\nBoard.h:64: error: no matching function for call to \u2018get_one(const unsigned int&)\u2019\nBoard.h:66: error: \u2018white\u2019 was not declared in this scope\nBoard.h:66: error: \u2018uint_board\u2019 was not declared in this scope\nBoard.h:66: error: no matching function for call to \u2018get_one(const unsigned int&)\u2019\nBoard.h: In member function \u2018void Board<Gravity>::PrintBoard(const uint&, const uint&) const\u2019:\nBoard.h:77: error: \u2018black\u2019 was not declared in this scope\nBoard.h:77: error: \u2018white\u2019 was not declared in this scope\nBoard.h: In member function \u2018bool Board<Gravity>::HasTied(const uint&, const uint&) const\u2019:\nBoard.h:89: error: \u2018black\u2019 was not declared in this scope\nBoard.h:89: error: \u2018white\u2019 was not declared in this scope\nBoard.h:89: error: \u2018uint_board\u2019 was not declared in this scope\nBoard.h:89: error: no matching function for call to \u2018get_mask(unsigned int&)\u2019\nBoard.h: In member function \u2018bool Board<Gravity>::HasWon(const uint&, const uint&, const uint&, const bool&, int) const\u2019:\nBoard.h:94: error: expected \u2018;\u2019 before \u2018board\u2019\nBoard.h:95: error: \u2018vert\u2019 was not declared in this scope\nBoard.h:95: error: \u2018horz\u2019 was not declared in this scope\nBoard.h:95: error: \u2018diag\u2019 was not declared in this scope\nBoard.h:95: error: \u2018board\u2019 was not declared in this scope\nBoard.h:95: error: \u2018black\u2019 was not declared in this scope\nBoard.h:95: error: \u2018white\u2019 was not declared in this scope\nBoard.h:106: error: \u2018vert_mask\u2019 was not declared in this scope\nBoard.h: In member function \u2018uint BoardMoveIterator<Gravity>::GetNextMove(const uint&, const uint&) [with bool Gravity = true]\u2019:\nBoard.h:131: error: \u2018free\u2019 was not declared in this scope\nBoard.h: In member function \u2018uint BoardMoveIterator<Gravity>::GetNextMove(const uint&, const uint&) [with bool Gravity = false]\u2019:\nBoard.h:146: error: \u2018free\u2019 was not declared in this scope\nIn file included from /usr/lib/gcc/x86_64-redhat-linux/4.4.7/../../../../include/c++/4.4.7/type_traits:35,\n                 from Board.h:5,\n                 from AIShell.cpp:9:\n/usr/lib/gcc/x86_64-redhat-linux/4.4.7/../../../../include/c++/4.4.7/c++0x_warning.h:31:2: error: #error This file requires compiler and library support for the upcoming ISO C++ standard, C++0x. This support is currently experimental, and must be enabled with the -std=c++0x or -std=gnu++0x compiler options.\nIn file included from AIShell.cpp:9:\nBoard.h:18: error: \u2018conditional\u2019 in namespace \u2018std\u2019 does not name a type\nBoard.h:18: error: expected unqualified-id before \u2018<\u2019 token\nBoard.h:20: error: ISO C++ forbids declaration of \u2018uint_board\u2019 with no type\nBoard.h:20: error: expected \u2018,\u2019 or \u2018...\u2019 before \u2018&\u2019 token\nBoard.h:25: error: \u2018uint_board\u2019 does not name a type\nBoard.h: In constructor \u2018BoardMoveIterator<Gravity>::BoardMoveIterator(const uint&, int)\u2019:\nBoard.h:21: error: class \u2018BoardMoveIterator<Gravity>\u2019 does not have any field named \u2018free\u2019\nBoard.h: At global scope:\nBoard.h:35: error: \u2018conditional\u2019 in namespace \u2018std\u2019 does not name a type\nBoard.h:35: error: expected unqualified-id before \u2018<\u2019 token\nBoard.h:42: error: \u2018uint_board\u2019 does not name a type\nBoard.h:43: error: \u2018uint_board\u2019 does not name a type\nBoard.h:92: error: ISO C++ forbids declaration of \u2018uint_board\u2019 with no type\nBoard.h:92: error: expected \u2018,\u2019 or \u2018...\u2019 before \u2018&\u2019 token\nBoard.h: In constructor \u2018Board<Gravity>::Board()\u2019:\nBoard.h:39: error: class \u2018Board<Gravity>\u2019 does not have any field named \u2018black\u2019\nBoard.h:39: error: class \u2018Board<Gravity>\u2019 does not have any field named \u2018white\u2019\nBoard.h: In member function \u2018BoardMoveIterator<Gravity> Board<Gravity>::GetMoveIterator(const uint&, const uint&) const\u2019:\nBoard.h:48: error: \u2018uint_board\u2019 does not name a type\nBoard.h:55: error: \u2018black\u2019 was not declared in this scope\nBoard.h:55: error: \u2018white\u2019 was not declared in this scope\nBoard.h:55: error: \u2018mask\u2019 was not declared in this scope\nBoard.h: In member function \u2018void Board<Gravity>::MakeMove(const uint&, const bool&)\u2019:\nBoard.h:64: error: \u2018black\u2019 was not declared in this scope\nBoard.h:64: error: \u2018uint_board\u2019 was not declared in this scope\nBoard.h:64: error: no matching function for call to \u2018get_one(const unsigned int&)\u2019\nBoard.h:66: error: \u2018white\u2019 was not declared in this scope\nBoard.h:66: error: \u2018uint_board\u2019 was not declared in this scope\nBoard.h:66: error: no matching function for call to \u2018get_one(const unsigned int&)\u2019\nBoard.h: In member function \u2018void Board<Gravity>::PrintBoard(const uint&, const uint&) const\u2019:\nBoard.h:77: error: \u2018black\u2019 was not declared in this scope\nBoard.h:77: error: \u2018white\u2019 was not declared in this scope\nBoard.h: In member function \u2018bool Board<Gravity>::HasTied(const uint&, const uint&) const\u2019:\nBoard.h:89: error: \u2018black\u2019 was not declared in this scope\nBoard.h:89: error: \u2018white\u2019 was not declared in this scope\nBoard.h:89: error: \u2018uint_board\u2019 was not declared in this scope\nBoard.h:89: error: no matching function for call to \u2018get_mask(unsigned int&)\u2019\nBoard.h: In member function \u2018bool Board<Gravity>::HasWon(const uint&, const uint&, const uint&, const bool&, int) const\u2019:\nBoard.h:94: error: expected \u2018;\u2019 before \u2018board\u2019\nBoard.h:95: error: \u2018vert\u2019 was not declared in this scope\nBoard.h:95: error: \u2018horz\u2019 was not declared in this scope\nBoard.h:95: error: \u2018diag\u2019 was not declared in this scope\nBoard.h:95: error: \u2018board\u2019 was not declared in this scope\nBoard.h:95: error: \u2018black\u2019 was not declared in this scope\nBoard.h:95: error: \u2018white\u2019 was not declared in this scope\nBoard.h:106: error: \u2018vert_mask\u2019 was not declared in this scope\nBoard.h: In member function \u2018uint BoardMoveIterator<Gravity>::GetNextMove(const uint&, const uint&) [with bool Gravity = true]\u2019:\nBoard.h:131: error: request for member \u2018lower\u2019 in \u2018free\u2019, which is of non-class type \u2018void(void*)throw ()\u2019\nBoard.h:133: error: invalid operands of types \u2018void(void*)throw ()\u2019 and \u2018const unsigned int\u2019 to binary \u2018operator>>\u2019\nBoard.h:133: error:   in evaluation of \u2018operator>>=(void(void*)throw (), const unsigned int)\u2019\nBoard.h: In member function \u2018uint BoardMoveIterator<Gravity>::GetNextMove(const uint&, const uint&) [with bool Gravity = false]\u2019:\nBoard.h:146: error: invalid conversion from \u2018void (*)(void*)throw ()\u2019 to \u2018long long int\u2019\nBoard.h:146: error:   initializing argument 1 of \u2018int __builtin_ffsll(long long int)\u2019\nBoard.h:147: error: invalid operands of types \u2018void(void*)throw ()\u2019 and \u2018long long unsigned int\u2019 to binary \u2018operator^\u2019\nBoard.h:147: error:   in evaluation of \u2018operator^=(void(void*)throw (), long long unsigned int)\u2019\nAIShell.cpp: In function \u2018float AlphaBetaSearch(Board<Gravity>&, int, float, float, bool) [with bool Gravity = true]\u2019:\nAIShell.cpp:154:   instantiated from \u2018Move IDS(Board<Gravity>&) [with bool Gravity = true]\u2019\nAIShell.cpp:189:   instantiated from here\nAIShell.cpp:67: error: no type named \u2018uint_board\u2019 in \u2018class Board<true>\u2019\nAIShell.cpp:154:   instantiated from \u2018Move IDS(Board<Gravity>&) [with bool Gravity = true]\u2019\nAIShell.cpp:189:   instantiated from here\nAIShell.cpp:67: error: no type named \u2018uint_board\u2019 in \u2018class Board<true>\u2019\nAIShell.cpp:67: error: no type named \u2018uint_board\u2019 in \u2018class Board<true>\u2019\nAIShell.cpp: In function \u2018float AlphaBetaSearch(Board<Gravity>&, int, float, float, bool) [with bool Gravity = false]\u2019:\nAIShell.cpp:154:   instantiated from \u2018Move IDS(Board<Gravity>&) [with bool Gravity = false]\u2019\nAIShell.cpp:198:   instantiated from here\nAIShell.cpp:67: error: no type named \u2018uint_board\u2019 in \u2018class Board<false>\u2019\nAIShell.cpp:154:   instantiated from \u2018Move IDS(Board<Gravity>&) [with bool Gravity = false]\u2019\nAIShell.cpp:198:   instantiated from here\nAIShell.cpp:67: error: no type named \u2018uint_board\u2019 in \u2018class Board<false>\u2019\nAIShell.cpp:67: error: no type named \u2018uint_board\u2019 in \u2018class Board<false>\u2019\n################\n/home/minhaenl/cs_171/draft/Files/rghaly_Ghaly_31843989_eliminater/src\n################\n/home/minhaenl/cs_171/draft/Files/seungm1_Moon_seungm1_10032/src\n################\n/home/minhaenl/cs_171/draft/Files/songyunc_Cao_54627179_Pepsi/src\nAIShell.h:13: error: ISO C++ forbids initialization of member \u2018HORI\u2019\nAIShell.h:13: error: making \u2018HORI\u2019 static\nAIShell.h:14: error: ISO C++ forbids initialization of member \u2018VERT\u2019\nAIShell.h:14: error: making \u2018VERT\u2019 static\nAIShell.h:15: error: ISO C++ forbids initialization of member \u2018DIAGUR\u2019\nAIShell.h:15: error: making \u2018DIAGUR\u2019 static\nAIShell.h:16: error: ISO C++ forbids initialization of member \u2018DIAGUL\u2019\nAIShell.h:16: error: making \u2018DIAGUL\u2019 static\nAIShell.h:38: error: function definition does not declare parameters\nAIShell.h:40: error: ISO C++ forbids initialization of member \u2018searchDepth\u2019\nAIShell.h:40: error: making \u2018searchDepth\u2019 static\nAIShell.h:40: error: ISO C++ forbids in-class initialization of non-const static member \u2018searchDepth\u2019\nIn file included from AIShell.cpp:1:\nAIShell.h:13: error: ISO C++ forbids initialization of member \u2018HORI\u2019\nAIShell.h:13: error: making \u2018HORI\u2019 static\nAIShell.h:14: error: ISO C++ forbids initialization of member \u2018VERT\u2019\nAIShell.h:14: error: making \u2018VERT\u2019 static\nAIShell.h:15: error: ISO C++ forbids initialization of member \u2018DIAGUR\u2019\nAIShell.h:15: error: making \u2018DIAGUR\u2019 static\nAIShell.h:16: error: ISO C++ forbids initialization of member \u2018DIAGUL\u2019\nAIShell.h:16: error: making \u2018DIAGUL\u2019 static\nIn file included from AIShell.cpp:1:\nAIShell.h:38: error: function definition does not declare parameters\nAIShell.h:40: error: ISO C++ forbids initialization of member \u2018searchDepth\u2019\nAIShell.h:40: error: making \u2018searchDepth\u2019 static\nAIShell.h:40: error: ISO C++ forbids in-class initialization of non-const static member \u2018searchDepth\u2019\nAIShell.cpp: In constructor \u2018AIShell::AIShell(int, int, bool, int**, Move, double, int, int)\u2019:\nAIShell.cpp:31: error: \u2018bestMove\u2019 was not declared in this scope\nAIShell.cpp: In member function \u2018Move AIShell::makeMove()\u2019:\nAIShell.cpp:88: error: \u2018bestMove\u2019 was not declared in this scope\nAIShell.cpp: In member function \u2018double AIShell::DLS(int**, int, int, int)\u2019:\nAIShell.cpp:419: error: \u2018bestMove\u2019 was not declared in this scope\nAIShell.cpp:424: error: \u2018bestMove\u2019 was not declared in this scope\nIn file included from ConnectK.cpp:5:\nAIShell.h:13: error: ISO C++ forbids initialization of member \u2018HORI\u2019\nAIShell.h:13: error: making \u2018HORI\u2019 static\nAIShell.h:14: error: ISO C++ forbids initialization of member \u2018VERT\u2019\nAIShell.h:14: error: making \u2018VERT\u2019 static\nAIShell.h:15: error: ISO C++ forbids initialization of member \u2018DIAGUR\u2019\nAIShell.h:15: error: making \u2018DIAGUR\u2019 static\nAIShell.h:16: error: ISO C++ forbids initialization of member \u2018DIAGUL\u2019\nAIShell.h:16: error: making \u2018DIAGUL\u2019 static\nIn file included from ConnectK.cpp:5:\nAIShell.h:38: error: function definition does not declare parameters\nAIShell.h:40: error: ISO C++ forbids initialization of member \u2018searchDepth\u2019\nAIShell.h:40: error: making \u2018searchDepth\u2019 static\nAIShell.h:40: error: ISO C++ forbids in-class initialization of non-const static member \u2018searchDepth\u2019\n################\n/home/minhaenl/cs_171/draft/Files/steventp_Phan_steventp_2EZ4AI/src\n################\n/home/minhaenl/cs_171/draft/Files/vincet3_Tang_74655027_CVProject1/Tang_74655027_CVProject1/src\n################\n/home/minhaenl/cs_171/draft/Files/vnie_nie_vnie_ChickenNugget/ConnectK/src/cPlusPlusSource\n################\n/home/minhaenl/cs_171/draft/Files/wlum_lum_66879208_squall/connectK/src\n################\n/home/minhaenl/cs_171/draft/Files/xinglonb_Bai 70713813 SteinGate\n################\n/home/minhaenl/cs_171/draft/Files/zhangr3_Zhang_62044985_DeepBlue/src\nAIShell.cpp: In member function \u2018Move AIShell::NaiveAI()\u2019:\nAIShell.cpp:58: error: \u2018rand\u2019 was not declared in this scope\nAIShell.cpp: In member function \u2018bool AIShell::GetAMoveByExhaustive(Move*)\u2019:\nAIShell.cpp:77: error: \u2018nullptr\u2019 was not declared in this scope\n################\n/home/minhaenl/cs_171/draft/F2/monamiy_Yang_44194004_AISquad/Yang_44194004_AISquad/src\nAIShell.h:5:18: error: Move.h: No such file or directory\nAIShell.h:34: error: \u2018Move\u2019 does not name a type\nAIShell.h:52: error: \u2018Move\u2019 has not been declared\nAIShell.h:54: error: \u2018Move\u2019 does not name a type\nIn file included from AIShell.cpp:1:\nAIShell.h:5:18: error: Move.h: No such file or directory\nIn file included from AIShell.cpp:1:\nAIShell.h:34: error: \u2018Move\u2019 does not name a type\nIn file included from AIShell.cpp:1:\nAIShell.h:52: error: \u2018Move\u2019 has not been declared\nAIShell.h:54: error: \u2018Move\u2019 does not name a type\nAIShell.cpp:7: error: \u2018Move\u2019 has not been declared\nAIShell.cpp: In constructor \u2018AIShell::AIShell(int, int, bool, int**, int)\u2019:\nAIShell.cpp:14: error: \u2018class AIShell\u2019 has no member named \u2018lastMove\u2019\nAIShell.cpp: At global scope:\nAIShell.cpp:34: error: \u2018Move\u2019 does not name a type\n", "encoding": "utf-8"}